

Tag Exit{
Random seed used = [1969023088]


Tag Exit{
Node0		User Time elapsed = 0.011442 seconds.
Node0		Instruction Simulation Rate = 0.00 Cycles/Second.
Node0		"machinetype"	=	0
Node0		"Cycletrans"	=	0
Node0		"CYCLETIME"	=	1.666667E-08
Node0		NTRANS	=	0
Node0		CPU-only ETOT	=	0.000000E+00 Joules
Node0		CPU-only AVG POWER	=	0.000000E+00 Watts
Node0		"ICLK"	=	0
Node0		"CLK"	=	0
Node0		"TIME"	=	0.000000E+00
Node0		"dyncnt"	=	0
} Tag Exit.


Tag Exit{
Node1		User Time elapsed = 0.011455 seconds.
Node1		Instruction Simulation Rate = 0.00 Cycles/Second.
Node1		"machinetype"	=	2
Node1		"Cycletrans"	=	0
Node1		"CYCLETIME"	=	1.666667E-08
Node1		NTRANS	=	0
Node1		CPU-only ETOT	=	0.000000E+00 Joules
Node1		CPU-only AVG POWER	=	0.000000E+00 Watts
Node1		"ICLK"	=	0
Node1		"CLK"	=	0
Node1		"TIME"	=	0.000000E+00
Node1		"dyncnt"	=	0
} Tag Exit.


Tag Exit{
Node2		User Time elapsed = 0.011464 seconds.
Node2		Instruction Simulation Rate = 0.00 Cycles/Second.
Node2		"machinetype"	=	2
Node2		"Cycletrans"	=	0
Node2		"CYCLETIME"	=	1.666667E-08
Node2		NTRANS	=	0
Node2		CPU-only ETOT	=	0.000000E+00 Joules
Node2		CPU-only AVG POWER	=	0.000000E+00 Watts
Node2		"ICLK"	=	0
Node2		"CLK"	=	0
Node2		"TIME"	=	0.000000E+00
Node2		"dyncnt"	=	0
} Tag Exit.
} Tag Exit.


Tag Exit{
Random seed used = [894685264]


Tag Exit{
Node0		User Time elapsed = 0.000444 seconds.
Node0		Instruction Simulation Rate = 0.00 Cycles/Second.
Node0		"machinetype"	=	0
Node0		"Cycletrans"	=	0
Node0		"CYCLETIME"	=	1.666667E-08
Node0		NTRANS	=	0
Node0		CPU-only ETOT	=	0.000000E+00 Joules
Node0		CPU-only AVG POWER	=	0.000000E+00 Watts
Node0		"ICLK"	=	0
Node0		"CLK"	=	0
Node0		"TIME"	=	0.000000E+00
Node0		"dyncnt"	=	0
} Tag Exit.


Tag Exit{
Node1		User Time elapsed = 0.000499 seconds.
Node1		Instruction Simulation Rate = 36967422993405917003776.00 Cycles/Second.
Node1		"machinetype"	=	2
Node1		"Cycletrans"	=	0
Node1		"CYCLETIME"	=	1.666667E-08
Node1		NTRANS	=	0
Node1		CPU-only ETOT	=	0.000000E+00 Joules
Node1		CPU-only AVG POWER	=	0.000000E+00 Watts
Node1		"ICLK"	=	200
Node1		"CLK"	=	200
Node1		"TIME"	=	3.333333E-06
Node1		"dyncnt"	=	150
} Tag Exit.
} Tag Exit.


Tag Exit{
Random seed used = [1480365846]


Tag Exit{
Node0		User Time elapsed = 0.025976 seconds.
Node0		Instruction Simulation Rate = 0.00 Cycles/Second.
Node0		"machinetype"	=	0
Node0		"Cycletrans"	=	0
Node0		"CYCLETIME"	=	1.666667E-08
Node0		NTRANS	=	0
Node0		CPU-only ETOT	=	0.000000E+00 Joules
Node0		CPU-only AVG POWER	=	0.000000E+00 Watts
Node0		"ICLK"	=	0
Node0		"CLK"	=	0
Node0		"TIME"	=	0.000000E+00
Node0		"dyncnt"	=	0
} Tag Exit.


Tag Exit{
Node1		User Time elapsed = 0.026018 seconds.
Node1		Instruction Simulation Rate = 0.00 Cycles/Second.
Node1		"machinetype"	=	2
Node1		"Cycletrans"	=	0
Node1		"CYCLETIME"	=	1.666667E-08
Node1		NTRANS	=	0
Node1		CPU-only ETOT	=	0.000000E+00 Joules
Node1		CPU-only AVG POWER	=	0.000000E+00 Watts
Node1		"ICLK"	=	100000
Node1		"CLK"	=	100000
Node1		"TIME"	=	1.666667E-03
Node1		"dyncnt"	=	77343
} Tag Exit.
} Tag Exit.


Tag Exit{
Random seed used = [-303682984]


Tag Exit{
Node0		User Time elapsed = 0.262779 seconds.
Node0		Instruction Simulation Rate = 0.00 Cycles/Second.
Node0		"machinetype"	=	0
Node0		"Cycletrans"	=	0
Node0		"CYCLETIME"	=	1.666667E-08
Node0		NTRANS	=	0
Node0		CPU-only ETOT	=	0.000000E+00 Joules
Node0		CPU-only AVG POWER	=	0.000000E+00 Watts
Node0		"ICLK"	=	0
Node0		"CLK"	=	0
Node0		"TIME"	=	0.000000E+00
Node0		"dyncnt"	=	0
} Tag Exit.


Tag Exit{
Node1		User Time elapsed = 0.262842 seconds.
Node1		Instruction Simulation Rate = 0.00 Cycles/Second.
Node1		"machinetype"	=	2
Node1		"Cycletrans"	=	0
Node1		"CYCLETIME"	=	1.666667E-08
Node1		NTRANS	=	0
Node1		CPU-only ETOT	=	0.000000E+00 Joules
Node1		CPU-only AVG POWER	=	0.000000E+00 Watts
Node1		"ICLK"	=	1000000
Node1		"CLK"	=	1000000
Node1		"TIME"	=	1.666667E-02
Node1		"dyncnt"	=	767614
} Tag Exit.
} Tag Exit.


Tag Exit{
Random seed used = [-186436782]


Tag Exit{
Node0		User Time elapsed = 0.026922 seconds.
Node0		Instruction Simulation Rate = 0.00 Cycles/Second.
Node0		"machinetype"	=	0
Node0		"Cycletrans"	=	0
Node0		"CYCLETIME"	=	1.666667E-08
Node0		NTRANS	=	0
Node0		CPU-only ETOT	=	0.000000E+00 Joules
Node0		CPU-only AVG POWER	=	0.000000E+00 Watts
Node0		"ICLK"	=	0
Node0		"CLK"	=	0
Node0		"TIME"	=	0.000000E+00
Node0		"dyncnt"	=	0
} Tag Exit.


Tag Exit{
Node1		User Time elapsed = 0.026970 seconds.
Node1		Instruction Simulation Rate = 0.00 Cycles/Second.
Node1		"machinetype"	=	2
Node1		"Cycletrans"	=	0
Node1		"CYCLETIME"	=	1.666667E-08
Node1		NTRANS	=	0
Node1		CPU-only ETOT	=	0.000000E+00 Joules
Node1		CPU-only AVG POWER	=	0.000000E+00 Watts
Node1		"ICLK"	=	100000
Node1		"CLK"	=	100000
Node1		"TIME"	=	1.666667E-03
Node1		"dyncnt"	=	77343
} Tag Exit.
} Tag Exit.


Tag Exit{
Random seed used = [514478569]


Tag Exit{
Node0		User Time elapsed = 0.260680 seconds.
Node0		Instruction Simulation Rate = 0.00 Cycles/Second.
Node0		"machinetype"	=	0
Node0		"Cycletrans"	=	0
Node0		"CYCLETIME"	=	1.666667E-08
Node0		NTRANS	=	0
Node0		CPU-only ETOT	=	0.000000E+00 Joules
Node0		CPU-only AVG POWER	=	0.000000E+00 Watts
Node0		"ICLK"	=	0
Node0		"CLK"	=	0
Node0		"TIME"	=	0.000000E+00
Node0		"dyncnt"	=	0
} Tag Exit.


Tag Exit{
Node1		User Time elapsed = 0.260742 seconds.
Node1		Instruction Simulation Rate = 0.00 Cycles/Second.
Node1		"machinetype"	=	2
Node1		"Cycletrans"	=	0
Node1		"CYCLETIME"	=	1.666667E-08
Node1		NTRANS	=	0
Node1		CPU-only ETOT	=	0.000000E+00 Joules
Node1		CPU-only AVG POWER	=	0.000000E+00 Watts
Node1		"ICLK"	=	1000000
Node1		"CLK"	=	1000000
Node1		"TIME"	=	1.666667E-02
Node1		"dyncnt"	=	767614
} Tag Exit.
} Tag Exit.
